<?xml version="1.0" encoding="UTF-8"?>
<!-- Generated by org.testng.reporters.JUnitReportReporter -->
<testsuite hostname="DESKTOP-CF55BG5" failures="0" tests="4" name="OctProj.OctProj.HTTPRequest" time="5.372" errors="0" timestamp="2024-11-05T15:23:16 IST" skipped="0">
  <testcase classname="OctProj.OctProj.HTTPRequest" name="ListgetUsers" time="1.908"/>
  <testcase classname="OctProj.OctProj.HTTPRequest" name="createUser" time="2.688"/>
  <testcase classname="OctProj.OctProj.HTTPRequest" name="UpdateUser" time="0.387"/>
  <testcase classname="OctProj.OctProj.HTTPRequest" name="deleteUser" time="0.389"/>
</testsuite> <!-- OctProj.OctProj.HTTPRequest -->
